<?xml version="1.0" encoding="UTF-8"?>
<!-- Generated by org.testng.reporters.JUnitXMLReporter -->
<testsuite ignored="0" hostname="DESKTOP-JL59L2U" failures="1" tests="1" name="Test" time="11.263" errors="0" timestamp="2023-07-07T11:41:23 IST">
  <testcase classname="testCases.TC_001_AccountRegistration" name="test_account_Registration" time="8.202">
    <failure type="java.lang.AssertionError" message="null">
      <![CDATA[java.lang.AssertionError: null
at testCases.TC_001_AccountRegistration.test_account_Registration(TC_001_AccountRegistration.java:46)
at java.base/java.util.ArrayList.forEach(ArrayList.java:1511)
... Removed 29 stack frames]]>
    </failure>
  </testcase> <!-- test_account_Registration -->
</testsuite> <!-- Test -->
